<?xml version="1.0" encoding="UTF-8"?>
<testsuite name="com.sophossolutions.runners.GetGorest" tests="0" skipped="0" failures="0" errors="0" timestamp="1970-01-01T00:00:00" hostname="LAPTOP-IMVIRUFJ" time="0.0">
  <properties/>
  <system-out><![CDATA[
1 Scenarios (?[32m1 passed?[0m)
3 Steps (?[32m3 passed?[0m)
0m1,252s


]]></system-out>
  <system-err><![CDATA[[Test worker] INFO io.cucumber.core.plugin.SerenityReporter - Running feature from file:///D:/Documentos/Cristian/Desarrollos/JavaProjects/ScreenplayRestApi/src/test/resources/com/sophossolutions/features/get_gorest.feature
[Test worker] INFO  - Test Suite Started: Automatizacion de Api Rest
[pool-3-thread-1] INFO net.thucydides.core.reports.ReportService - net.thucydides.core.reports.json.JSONTestOutcomeReporter@5513a46b: Generating report for test outcome: Automatizacion de Api Rest:Consultar informacion de usuario
[pool-4-thread-1] INFO net.thucydides.core.reports.ReportService - net.thucydides.core.reports.html.HtmlAcceptanceTestReporter@5759edff: Generating report for test outcome: Automatizacion de Api Rest:Consultar informacion de usuario
[Test worker] INFO io.cucumber.core.plugin.SerenityReporter - Cleanup test resources for URI file:///D:/Documentos/Cristian/Desarrollos/JavaProjects/ScreenplayRestApi/src/test/resources/com/sophossolutions/features/get_gorest.feature
]]></system-err>
</testsuite>
